Removed Pin From Net: NetName=GND Pin=SW4-1
Removed Pin From Net: NetName=GND Pin=SW4-2
Removed Pin From Net: NetName=NXT Pin=SW4-3
Removed Pin From Net: NetName=NXT Pin=SW4-4
Change Component Footprint: Designator=SW4 Old Footprint=FP-B3FS-4052P-MFG New Footprint=FP-FSM100-MFG
Change Component Comment : Designator=SW4 Old Comment=B3FS-4052P New Comment=FSM100
Change Managed Component Library Link : Designator=SW4 Old VaultGUID=B7D15EC3-160A-466F-A46C-7801FE6295A7 New VaultGUID=B7D15EC3-160A-466F-A46C-7801FE6295A7 Old ItemGUID=2AD40AB2-33C1-4E4C-AD9C-40826343D8B9 New ItemGUID=3741210E-0241-44FB-B95D-3A33C772A437 Old RevisionGUID=9C663E4C-9E6C-49A3-8D2B-4AE71C2EC303 New RevisionGUID=FA5520CB-03BC-406D-9EA7-60A0C2BEBFBD
Change component parameters: Designator = "SW4" ("SW4"); Footprint = "FP-B3FS-4052P-MFG"; UniqueID = "\TOAVLADW" ("\TOAVLADW")
Change component parameters (AddParameter): Name = "Actuator Color"; Value = "Black"; VariantName = "[No Variations]"
Change component parameters (AddParameter): Name = "Actuator Length"; Value = "6.35mm"; VariantName = "[No Variations]"
Change component parameters (AddParameter): Name = "Actuator Material"; Value = "Polyester"; VariantName = "[No Variations]"
Change component parameters (AddParameter): Name = "Actuator Type"; Value = "Standard"; VariantName = "[No Variations]"
Change component parameters (AddParameter): Name = "Contact Current Rating"; Value = "50mA"; VariantName = "[No Variations]"
Change component parameters (AddParameter): Name = "Contact Material"; Value = "Copper Alloy"; VariantName = "[No Variations]"
Change component parameters (AddParameter): Name = "Contact Plating"; Value = "Silver"; VariantName = "[No Variations]"
Change component parameters (AddParameter): Name = "Contact Resistance"; Value = "100mR"; VariantName = "[No Variations]"
Change component parameters (AddParameter): Name = "Contact Type"; Value = "1 maker"; VariantName = "[No Variations]"
Change component parameters (AddParameter): Name = "Current Rating"; Value = "50mA"; VariantName = "[No Variations]"
Change component parameters (AddParameter): Name = "Depth"; Value = "12.5mm"; VariantName = "[No Variations]"
Change component parameters (AddParameter): Name = "Electrical Life"; Value = "100000Cycles"; VariantName = "[No Variations]"
Change component parameters (AddParameter): Name = "ELV"; Value = "Compliant"; VariantName = "[No Variations]"
Change component parameters (AddParameter): Name = "Illumination Type"; Value = "Non-Illuminated"; VariantName = "[No Variations]"
Change component parameters (AddParameter): Name = "Lead Free"; Value = "Lead Free"; VariantName = "[No Variations]"
Change component parameters (AddParameter): Name = "Length"; Value = "12mm"; VariantName = "[No Variations]"
Change component parameters (AddParameter): Name = "Max Current Rating"; Value = "50mA"; VariantName = "[No Variations]"
Change component parameters (AddParameter): Name = "Max Operating Temperature"; Value = "85°C"; VariantName = "[No Variations]"
Change component parameters (AddParameter): Name = "Max Voltage Rating (DC)"; Value = "12V"; VariantName = "[No Variations]"
Change component parameters (AddParameter): Name = "Mechanical Life"; Value = "100000Cycles"; VariantName = "[No Variations]"
Change component parameters (AddParameter): Name = "Min Operating Temperature"; Value = "-35°C"; VariantName = "[No Variations]"
Change component parameters (AddParameter): Name = "Mount"; Value = "Through Hole"; VariantName = "[No Variations]"
Change component parameters (AddParameter): Name = "Operating Force"; Value = "1.57N"; VariantName = "[No Variations]"
Change component parameters (AddParameter): Name = "Orientation"; Value = "Straight"; VariantName = "[No Variations]"
Change component parameters (AddParameter): Name = "Package Quantity"; Value = "400"; VariantName = "[No Variations]"
Change component parameters (AddParameter): Name = "Packaging"; Value = "Loose Piece"; VariantName = "[No Variations]"
Change component parameters (AddParameter): Name = "RoHS Compliant"; Value = "Yes"; VariantName = "[No Variations]"
Change component parameters (AddParameter): Name = "Series"; Value = "FSM100 ~ 104"; VariantName = "[No Variations]"
Change component parameters (AddParameter): Name = "Switch Function"; Value = "Off-Mom"; VariantName = "[No Variations]"
Change component parameters (AddParameter): Name = "Switch Travel"; Value = "0.3mm"; VariantName = "[No Variations]"
Change component parameters (AddParameter): Name = "Termination"; Value = "PC Pins"; VariantName = "[No Variations]"
Change component parameters (AddParameter): Name = "Throw Configuration"; Value = "SPST"; VariantName = "[No Variations]"
Change component parameters (AddParameter): Name = "Type"; Value = "Switch"; VariantName = "[No Variations]"
Change component parameters (AddParameter): Name = "Voltage Rating (DC)"; Value = "24V"; VariantName = "[No Variations]"
Added Pin To Net: NetName=NXT Pin=SW4-1
Added Pin To Net: NetName=NXT Pin=SW4-2
Added Pin To Net: NetName=GND Pin=SW4-3
Added Pin To Net: NetName=GND Pin=SW4-4
Added Member To Class: ClassName=Sheet1 Member=Component SW7 EVQ-PAG07K
Added Room: Name=Sheet1
