Change Component Footprint: Designator=P4 Old Footprint=620302124022 New Footprint=61900211121
Change Component Comment : Designator=P4 Old Comment=620302124022 New Comment=61900211121
Change Managed Component Library Link : Designator=P4 Old VaultGUID=B7D15EC3-160A-466F-A46C-7801FE6295A7 New VaultGUID=B7D15EC3-160A-466F-A46C-7801FE6295A7 Old ItemGUID=FAADE812-2B91-472A-8680-93348FC6D64E New ItemGUID=EA456C27-547E-4FF3-AAA0-076FBBE925DC Old RevisionGUID=0E8C1323-5BF2-4CED-AA41-9E442AD13735 New RevisionGUID=55C58EAD-7D7F-4E85-BC67-6CD158C18A4F
Change component parameters: Designator = "P4" ("P4"); Footprint = "620302124022"; UniqueID = "\GIXOURWR" ("\GIXOURWR")
Change component parameters (AddParameter): Name = "Contact Resistance"; Value = "20mOhm"; VariantName = "[No Variations]"
Change component parameters (AddParameter): Name = "Datasheet URL"; Value = "https://katalog.we-online.de/em/datasheet/6190xx11121.pdf"; VariantName = "[No Variations]"
Change component parameters (AddParameter): Name = "Gender"; Value = "Male"; VariantName = "[No Variations]"
Change component parameters (AddParameter): Name = "Manufacturer"; Value = "Wurth Elektronik"; VariantName = "[No Variations]"
Change component parameters (AddParameter): Name = "Manufacturer URL"; Value = "http://www.we-online.de"; VariantName = "[No Variations]"
Change component parameters (AddParameter): Name = "Mounting Technology"; Value = "THT"; VariantName = "[No Variations]"
Change component parameters (AddParameter): Name = "Operating Temperature"; Value = "-40to105degC"; VariantName = "[No Variations]"
Change component parameters (AddParameter): Name = "Orientation"; Value = "Vertical"; VariantName = "[No Variations]"
Change component parameters (AddParameter): Name = "Package Reference"; Value = "61900211121"; VariantName = "[No Variations]"
Change component parameters (AddParameter): Name = "Packaging"; Value = "Bag"; VariantName = "[No Variations]"
Change component parameters (AddParameter): Name = "Part Number"; Value = "61900211121"; VariantName = "[No Variations]"
Change component parameters (AddParameter): Name = "Pitch"; Value = "2.54mm"; VariantName = "[No Variations]"
Change component parameters (AddParameter): Name = "Position"; Value = "1x2"; VariantName = "[No Variations]"
Change component parameters (AddParameter): Name = "Publisher"; Value = "WurthElektronik"; VariantName = "[No Variations]"
Change component parameters (AddParameter): Name = "Working Voltage"; Value = "250VAC"; VariantName = "[No Variations]"
Added Member To Class: ClassName=Sheet1 Member=Component SW2 FSM100
Added Member To Class: ClassName=Sheet1 Member=Component SW3 FSM100
Added Member To Class: ClassName=Sheet1 Member=Component SW4 FSM100
Added Room: Name=Sheet1
