Removed Pin From Net: NetName=+5 Pin=P3-1
Removed Pin From Net: NetName=SS Pin=P3-2
Removed Pin From Net: NetName=MOSI Pin=P3-3
Removed Pin From Net: NetName=MISO Pin=P3-4
Removed Pin From Net: NetName=SCK Pin=P3-5
Removed Pin From Net: NetName=GND Pin=P3-6
Change Component Footprint: Designator=P2 Old Footprint=TECO-640456-4 New Footprint=HDR1X4
Change Component Comment : Designator=P2 Old Comment=640456-4 New Comment=Header 4
Change Component Designator: OldDesignator=P? NewDesignator=P3
Change Managed Component Library Link : Designator=P2 Old VaultGUID=B7D15EC3-160A-466F-A46C-7801FE6295A7 New VaultGUID= Old ItemGUID=69B4D28D-5BE8-4CEE-95AF-4A3713A5536F New ItemGUID= Old RevisionGUID=F628B617-B12E-4455-8EFD-5C3B2FDE544C New RevisionGUID=
Change component parameters: Designator = "P2" ("P2"); Footprint = "TECO-640456-4"; UniqueID = "\AIMHIVOR" ("\AIMHIVOR")
Change component parameters (AddParameter): Name = "LatestRevisionDate"; Value = "17-Jul-2002"; VariantName = "[No Variations]"
Change component parameters (AddParameter): Name = "LatestRevisionNote"; Value = "Re-released for DXP Platform."; VariantName = "[No Variations]"
Change component parameters (AddParameter): Name = "Publisher"; Value = "Altium Limited"; VariantName = "[No Variations]"
Added Pin To Net: NetName=+5 Pin=P3-1
Added Pin To Net: NetName=SS Pin=P3-2
Added Pin To Net: NetName=MOSI Pin=P3-3
Added Pin To Net: NetName=MISO Pin=P3-4
Added Pin To Net: NetName=SCK Pin=P3-5
Added Pin To Net: NetName=GND Pin=P3-6
Added Member To Class: ClassName=Sheet1 Member=Component P3 Header 6
Added Room: Name=Sheet1
