Change Component Footprint: Designator=P2 Old Footprint=620104131822 New Footprint=TECO-640456-4
Change Component Footprint: Designator=P5 Old Footprint=620305124022 New Footprint=TECO-640456-5
Change Component Comment : Designator=P2 Old Comment=620104131822 New Comment=640456-4
Change Component Comment : Designator=P5 Old Comment=620305124022 New Comment=640456-5
Change Managed Component Library Link : Designator=P2 Old VaultGUID=B7D15EC3-160A-466F-A46C-7801FE6295A7 New VaultGUID=B7D15EC3-160A-466F-A46C-7801FE6295A7 Old ItemGUID=069F97B9-8513-4F79-BA75-C7356929B5EE New ItemGUID=69B4D28D-5BE8-4CEE-95AF-4A3713A5536F Old RevisionGUID=8F5C5354-73E7-4B63-89DA-60A687224D8F New RevisionGUID=F628B617-B12E-4455-8EFD-5C3B2FDE544C
Change Managed Component Library Link : Designator=P5 Old VaultGUID=B7D15EC3-160A-466F-A46C-7801FE6295A7 New VaultGUID=B7D15EC3-160A-466F-A46C-7801FE6295A7 Old ItemGUID=757B1A45-6A54-46D6-A9EB-62C176CE0D19 New ItemGUID=73FA21C0-0F7F-45C7-B70D-DAB80E4A7607 Old RevisionGUID=0B202CD8-40B7-4E37-8CE9-D242EC823094 New RevisionGUID=F11B0F5B-549D-49C3-A71C-556AD588A2E0
Change component parameters: Designator = "P2" ("P2"); Footprint = "620104131822"; UniqueID = "\YALBJKYL" ("\YALBJKYL")
Change component parameters (AddParameter): Name = "Agency Approvals"; Value = "CSA,UL"; VariantName = "[No Variations]"
Change component parameters (AddParameter): Name = "Angle"; Value = "Straight"; VariantName = "[No Variations]"
Change component parameters (AddParameter): Name = "Brand/Series"; Value = "MTA-100Series"; VariantName = "[No Variations]"
Change component parameters (AddParameter): Name = "Color"; Value = "White"; VariantName = "[No Variations]"
Change component parameters (AddParameter): Name = "Color, Housing"; Value = "White"; VariantName = "[No Variations]"
Change component parameters (AddParameter): Name = "Connector Type"; Value = "MTA-100"; VariantName = "[No Variations]"
Change component parameters (AddParameter): Name = "Contact Centerline Spacing"; Value = "0.100

in."; VariantName = "[No Variations]"
Change component parameters (AddParameter): Name = "Contact Mating Area Plating"; Value = "Tin"; VariantName = "[No Variations]"
Change component parameters (AddParameter): Name = "Contact Plating"; Value = "Tin"; VariantName = "[No Variations]"
Change component parameters (AddParameter): Name = "Contact Shape"; Value = "Square"; VariantName = "[No Variations]"
Change component parameters (AddParameter): Name = "Contact Termination Area Plating"; Value = "Tin"; VariantName = "[No Variations]"
Change component parameters (AddParameter): Name = "Current, Rating"; Value = "5

A"; VariantName = "[No Variations]"
Change component parameters (AddParameter): Name = "Datasheet URL"; Value = "https://datasheet.ciiva.com/16286/eng-ds-82056-mta-0608-16286228.pdf"; VariantName = "[No Variations]"
Change component parameters (AddParameter): Name = "Datasheet Version"; Value = "Dec-14"; VariantName = "[No Variations]"
Change component parameters (AddParameter): Name = "Flammability Rating"; Value = "UL94V-0"; VariantName = "[No Variations]"
Change component parameters (AddParameter): Name = "Length, Overall"; Value = "0.4

""; VariantName = "[No Variations]"
Change component parameters (AddParameter): Name = "Length, Pin"; Value = "0.14

""; VariantName = "[No Variations]"
Change component parameters (AddParameter): Name = "Length, Terminal Post"; Value = "0.14

in."; VariantName = "[No Variations]"
Change component parameters (AddParameter): Name = "Manufacturer"; Value = "TE Connectivity"; VariantName = "[No Variations]"
Change component parameters (AddParameter): Name = "Manufacturer URL"; Value = "http://www.te.com/"; VariantName = "[No Variations]"
Change component parameters (AddParameter): Name = "Material, Contact"; Value = "CopperAlloy"; VariantName = "[No Variations]"
Change component parameters (AddParameter): Name = "Material, Housing"; Value = "Polyester"; VariantName = "[No Variations]"
Change component parameters (AddParameter): Name = "Mount Angle"; Value = "Vertical"; VariantName = "[No Variations]"
Change component parameters (AddParameter): Name = "Mounting Hole Size"; Value = "0.04

""; VariantName = "[No Variations]"
Change component parameters (AddParameter): Name = "Mounting Type"; Value = "PCMount"; VariantName = "[No Variations]"
Change component parameters (AddParameter): Name = "Number of Contacts"; Value = "4"; VariantName = "[No Variations]"
Change component parameters (AddParameter): Name = "Number of Positions"; Value = "4"; VariantName = "[No Variations]"
Change component parameters (AddParameter): Name = "Number of Rows"; Value = "1"; VariantName = "[No Variations]"
Change component parameters (AddParameter): Name = "Pin Spacing"; Value = "0.1

""; VariantName = "[No Variations]"
Change component parameters (AddParameter): Name = "Primary Type"; Value = "InterconnectSystem"; VariantName = "[No Variations]"
Change component parameters (AddParameter): Name = "Size, Post"; Value = "0.025

in."; VariantName = "[No Variations]"
Change component parameters (AddParameter): Name = "Special Features"; Value = "Pinstrip"; VariantName = "[No Variations]"
Change component parameters (AddParameter): Name = "Standards"; Value = "RoHSCompliant,ELVCompliant,UL94V-0"; VariantName = "[No Variations]"
Change component parameters (AddParameter): Name = "Temperature, Operating"; Value = "-55to+105

degC"; VariantName = "[No Variations]"
Change component parameters (AddParameter): Name = "Termination"; Value = "Solder"; VariantName = "[No Variations]"
Change component parameters (AddParameter): Name = "Type"; Value = "PCBPlug"; VariantName = "[No Variations]"
Change component parameters (AddParameter): Name = "Voltage, Rating"; Value = "250

V"; VariantName = "[No Variations]"
Change component parameters: Designator = "P5" ("P5"); Footprint = "620305124022"; UniqueID = "\QWLLIGLW" ("\QWLLIGLW")
Change component parameters (AddParameter): Name = "Agency Approvals"; Value = "CSA,UL"; VariantName = "[No Variations]"
Change component parameters (AddParameter): Name = "Angle"; Value = "Straight"; VariantName = "[No Variations]"
Change component parameters (AddParameter): Name = "Brand/Series"; Value = "MTA-100Series"; VariantName = "[No Variations]"
Change component parameters (AddParameter): Name = "Color"; Value = "White"; VariantName = "[No Variations]"
Change component parameters (AddParameter): Name = "Color, Housing"; Value = "White"; VariantName = "[No Variations]"
Change component parameters (AddParameter): Name = "Connector Type"; Value = "MTA-100"; VariantName = "[No Variations]"
Change component parameters (AddParameter): Name = "Contact Centerline Spacing"; Value = "0.100

in."; VariantName = "[No Variations]"
Change component parameters (AddParameter): Name = "Contact Mating Area Plating"; Value = "Tin"; VariantName = "[No Variations]"
Change component parameters (AddParameter): Name = "Contact Plating"; Value = "Tin"; VariantName = "[No Variations]"
Change component parameters (AddParameter): Name = "Contact Shape"; Value = "Square"; VariantName = "[No Variations]"
Change component parameters (AddParameter): Name = "Contact Termination Area Plating"; Value = "Tin"; VariantName = "[No Variations]"
Change component parameters (AddParameter): Name = "Current, Rating"; Value = "5

A"; VariantName = "[No Variations]"
Change component parameters (AddParameter): Name = "Datasheet URL"; Value = "http://sigma.octopart.com/77881742/technical_drawing/TE-Connectivity-640456-5.pdf"; VariantName = "[No Variations]"
Change component parameters (AddParameter): Name = "Datasheet Version"; Value = "Rev. W3"; VariantName = "[No Variations]"
Change component parameters (AddParameter): Name = "Flammability Rating"; Value = "UL94V-0"; VariantName = "[No Variations]"
Change component parameters (AddParameter): Name = "Length, Overall"; Value = "0.5

""; VariantName = "[No Variations]"
Change component parameters (AddParameter): Name = "Length, Pin"; Value = "0.14

""; VariantName = "[No Variations]"
Change component parameters (AddParameter): Name = "Length, Terminal Post"; Value = "0.14

in."; VariantName = "[No Variations]"
Change component parameters (AddParameter): Name = "Manufacturer"; Value = "TE Connectivity"; VariantName = "[No Variations]"
Change component parameters (AddParameter): Name = "Manufacturer URL"; Value = "http://www.te.com"; VariantName = "[No Variations]"
Change component parameters (AddParameter): Name = "Material, Contact"; Value = "CopperAlloy"; VariantName = "[No Variations]"
Change component parameters (AddParameter): Name = "Material, Housing"; Value = "Polyester"; VariantName = "[No Variations]"
Change component parameters (AddParameter): Name = "Mount Angle"; Value = "Vertical"; VariantName = "[No Variations]"
Change component parameters (AddParameter): Name = "Mounting Hole Size"; Value = "0.04

""; VariantName = "[No Variations]"
Change component parameters (AddParameter): Name = "Mounting Type"; Value = "PCMount"; VariantName = "[No Variations]"
Change component parameters (AddParameter): Name = "Number of Contacts"; Value = "5"; VariantName = "[No Variations]"
Change component parameters (AddParameter): Name = "Number of Positions"; Value = "5"; VariantName = "[No Variations]"
Change component parameters (AddParameter): Name = "Number of Rows"; Value = "1"; VariantName = "[No Variations]"
Change component parameters (AddParameter): Name = "Package Description"; Value = "Male Header, Pitch 2.54 mm, 1 x 5 Position, Height 10.03 mm, Tail Length 3.56 mm"; VariantName = "[No Variations]"
Change component parameters (AddParameter): Name = "Package Reference"; Value = "THD"; VariantName = "[No Variations]"
Change component parameters (AddParameter): Name = "Pin Spacing"; Value = "0.1

""; VariantName = "[No Variations]"
Change component parameters (AddParameter): Name = "Primary Type"; Value = "InterconnectSystem"; VariantName = "[No Variations]"
Change component parameters (AddParameter): Name = "Size, Post"; Value = "0.025

in."; VariantName = "[No Variations]"
Change component parameters (AddParameter): Name = "Special Features"; Value = "Pinstrip"; VariantName = "[No Variations]"
Change component parameters (AddParameter): Name = "Standards"; Value = "RoHSCompliant,ELVCompliant,UL94V-0"; VariantName = "[No Variations]"
Change component parameters (AddParameter): Name = "Temperature, Operating"; Value = "-55to+105

°C"; VariantName = "[No Variations]"
Change component parameters (AddParameter): Name = "Termination"; Value = "Solder"; VariantName = "[No Variations]"
Change component parameters (AddParameter): Name = "Type"; Value = "PCBPlug"; VariantName = "[No Variations]"
Change component parameters (AddParameter): Name = "Voltage, Rating"; Value = "250

V"; VariantName = "[No Variations]"
